<?xml version="1.0" encoding="UTF-8" ?>
<testsuite failures="0" time="2.987" errors="0" skipped="0" tests="1" name="com.jotadeveloper.spring.server.dao.impl.SimpleIntegrationTest">
  <properties>
    <property name="java.runtime.name" value="Java(TM) SE Runtime Environment"/>
    <property name="sun.boot.library.path" value="/home/jpicado/bin/jdk1.6.0_26/jre/lib/amd64"/>
    <property name="java.vm.version" value="20.1-b02"/>
    <property name="java.vm.vendor" value="Sun Microsystems Inc."/>
    <property name="java.vendor.url" value="http://java.sun.com/"/>
    <property name="path.separator" value=":"/>
    <property name="java.vm.name" value="Java HotSpot(TM) 64-Bit Server VM"/>
    <property name="file.encoding.pkg" value="sun.io"/>
    <property name="user.country" value="ES"/>
    <property name="sun.java.launcher" value="SUN_STANDARD"/>
    <property name="sun.os.patch.level" value="unknown"/>
    <property name="java.vm.specification.name" value="Java Virtual Machine Specification"/>
    <property name="user.dir" value="/home/jpicado/workspace/jotadeveloper-spring-3"/>
    <property name="java.runtime.version" value="1.6.0_26-b03"/>
    <property name="java.awt.graphicsenv" value="sun.awt.X11GraphicsEnvironment"/>
    <property name="basedir" value="/home/jpicado/workspace/jotadeveloper-spring-3"/>
    <property name="java.endorsed.dirs" value="/home/jpicado/bin/jdk1.6.0_26/jre/lib/endorsed"/>
    <property name="os.arch" value="amd64"/>
    <property name="surefire.real.class.path" value="/home/jpicado/workspace/jotadeveloper-spring-3/target/surefire/surefirebooter5633548102154876244.jar"/>
    <property name="java.io.tmpdir" value="/tmp"/>
    <property name="line.separator" value="
"/>
    <property name="java.vm.specification.vendor" value="Sun Microsystems Inc."/>
    <property name="os.name" value="Linux"/>
    <property name="sun.jnu.encoding" value="UTF-8"/>
    <property name="java.library.path" value="/home/jpicado/bin/jdk1.6.0_26/jre/lib/amd64/server:/home/jpicado/bin/jdk1.6.0_26/jre/lib/amd64:/home/jpicado/bin/jdk1.6.0_26/jre/../lib/amd64:/home/jpicado/bin/eclipse/jre/lib/amd64/server:/home/jpicado/bin/eclipse/jre/lib/amd64:/home/jpicado/bin/eclipse/jre/../lib/amd64:/usr/java/packages/lib/amd64:/usr/lib64:/lib64:/lib:/usr/lib"/>
    <property name="surefire.test.class.path" value="/home/jpicado/workspace/jotadeveloper-spring-3/target/test-classes:/home/jpicado/workspace/jotadeveloper-spring-3/target/classes:/home/jpicado/.m2/repository/org/springframework/spring-orm/3.0.3.RELEASE/spring-orm-3.0.3.RELEASE.jar:/home/jpicado/.m2/repository/org/springframework/spring-beans/3.0.3.RELEASE/spring-beans-3.0.3.RELEASE.jar:/home/jpicado/.m2/repository/org/springframework/spring-core/3.0.3.RELEASE/spring-core-3.0.3.RELEASE.jar:/home/jpicado/.m2/repository/commons-logging/commons-logging/1.1.1/commons-logging-1.1.1.jar:/home/jpicado/.m2/repository/org/springframework/spring-jdbc/3.0.3.RELEASE/spring-jdbc-3.0.3.RELEASE.jar:/home/jpicado/.m2/repository/org/springframework/spring-tx/3.0.3.RELEASE/spring-tx-3.0.3.RELEASE.jar:/home/jpicado/.m2/repository/aopalliance/aopalliance/1.0/aopalliance-1.0.jar:/home/jpicado/.m2/repository/org/springframework/spring-aop/3.0.3.RELEASE/spring-aop-3.0.3.RELEASE.jar:/home/jpicado/.m2/repository/org/springframework/spring-webmvc/3.0.3.RELEASE/spring-webmvc-3.0.3.RELEASE.jar:/home/jpicado/.m2/repository/org/springframework/spring-asm/3.0.3.RELEASE/spring-asm-3.0.3.RELEASE.jar:/home/jpicado/.m2/repository/org/springframework/spring-context/3.0.3.RELEASE/spring-context-3.0.3.RELEASE.jar:/home/jpicado/.m2/repository/org/springframework/spring-context-support/3.0.3.RELEASE/spring-context-support-3.0.3.RELEASE.jar:/home/jpicado/.m2/repository/org/springframework/spring-expression/3.0.3.RELEASE/spring-expression-3.0.3.RELEASE.jar:/home/jpicado/.m2/repository/org/springframework/spring-web/3.0.3.RELEASE/spring-web-3.0.3.RELEASE.jar:/home/jpicado/.m2/repository/org/springframework/spring-test/3.0.3.RELEASE/spring-test-3.0.3.RELEASE.jar:/home/jpicado/.m2/repository/opensymphony/sitemesh/2.4.2/sitemesh-2.4.2.jar:/home/jpicado/.m2/repository/javax/servlet/servlet-api/2.5/servlet-api-2.5.jar:/home/jpicado/.m2/repository/javax/servlet/jstl/1.2/jstl-1.2.jar:/home/jpicado/.m2/repository/junit/junit/4.8.1/junit-4.8.1.jar:/home/jpicado/.m2/repository/org/mockito/mockito-all/1.8.4/mockito-all-1.8.4.jar:/home/jpicado/.m2/repository/org/hibernate/hibernate-core/3.5.1-Final/hibernate-core-3.5.1-Final.jar:/home/jpicado/.m2/repository/antlr/antlr/2.7.6/antlr-2.7.6.jar:/home/jpicado/.m2/repository/commons-collections/commons-collections/3.1/commons-collections-3.1.jar:/home/jpicado/.m2/repository/dom4j/dom4j/1.6.1/dom4j-1.6.1.jar:/home/jpicado/.m2/repository/xml-apis/xml-apis/1.0.b2/xml-apis-1.0.b2.jar:/home/jpicado/.m2/repository/javax/transaction/jta/1.1/jta-1.1.jar:/home/jpicado/.m2/repository/org/slf4j/slf4j-api/1.5.8/slf4j-api-1.5.8.jar:/home/jpicado/.m2/repository/org/hibernate/hibernate-entitymanager/3.5.1-Final/hibernate-entitymanager-3.5.1-Final.jar:/home/jpicado/.m2/repository/org/hibernate/hibernate-annotations/3.5.1-Final/hibernate-annotations-3.5.1-Final.jar:/home/jpicado/.m2/repository/org/hibernate/hibernate-commons-annotations/3.2.0.Final/hibernate-commons-annotations-3.2.0.Final.jar:/home/jpicado/.m2/repository/cglib/cglib/2.2/cglib-2.2.jar:/home/jpicado/.m2/repository/asm/asm/3.1/asm-3.1.jar:/home/jpicado/.m2/repository/javassist/javassist/3.9.0.GA/javassist-3.9.0.GA.jar:/home/jpicado/.m2/repository/org/hibernate/javax/persistence/hibernate-jpa-2.0-api/1.0.0.Final/hibernate-jpa-2.0-api-1.0.0.Final.jar:/home/jpicado/.m2/repository/hsqldb/hsqldb/1.8.0.7/hsqldb-1.8.0.7.jar:/home/jpicado/.m2/repository/commons-dbcp/commons-dbcp/1.4/commons-dbcp-1.4.jar:/home/jpicado/.m2/repository/commons-pool/commons-pool/1.5.4/commons-pool-1.5.4.jar:/home/jpicado/.m2/repository/org/slf4j/slf4j-log4j12/1.4.2/slf4j-log4j12-1.4.2.jar:/home/jpicado/.m2/repository/log4j/log4j/1.2.14/log4j-1.2.14.jar:"/>
    <property name="java.specification.name" value="Java Platform API Specification"/>
    <property name="java.class.version" value="50.0"/>
    <property name="sun.management.compiler" value="HotSpot 64-Bit Tiered Compilers"/>
    <property name="os.version" value="2.6.38-8-generic"/>
    <property name="user.home" value="/home/jpicado"/>
    <property name="user.timezone" value="Europe/Madrid"/>
    <property name="java.awt.printerjob" value="sun.print.PSPrinterJob"/>
    <property name="file.encoding" value="UTF-8"/>
    <property name="java.specification.version" value="1.6"/>
    <property name="user.name" value="jpicado"/>
    <property name="java.class.path" value="/home/jpicado/workspace/jotadeveloper-spring-3/target/test-classes:/home/jpicado/workspace/jotadeveloper-spring-3/target/classes:/home/jpicado/.m2/repository/org/springframework/spring-orm/3.0.3.RELEASE/spring-orm-3.0.3.RELEASE.jar:/home/jpicado/.m2/repository/org/springframework/spring-beans/3.0.3.RELEASE/spring-beans-3.0.3.RELEASE.jar:/home/jpicado/.m2/repository/org/springframework/spring-core/3.0.3.RELEASE/spring-core-3.0.3.RELEASE.jar:/home/jpicado/.m2/repository/commons-logging/commons-logging/1.1.1/commons-logging-1.1.1.jar:/home/jpicado/.m2/repository/org/springframework/spring-jdbc/3.0.3.RELEASE/spring-jdbc-3.0.3.RELEASE.jar:/home/jpicado/.m2/repository/org/springframework/spring-tx/3.0.3.RELEASE/spring-tx-3.0.3.RELEASE.jar:/home/jpicado/.m2/repository/aopalliance/aopalliance/1.0/aopalliance-1.0.jar:/home/jpicado/.m2/repository/org/springframework/spring-aop/3.0.3.RELEASE/spring-aop-3.0.3.RELEASE.jar:/home/jpicado/.m2/repository/org/springframework/spring-webmvc/3.0.3.RELEASE/spring-webmvc-3.0.3.RELEASE.jar:/home/jpicado/.m2/repository/org/springframework/spring-asm/3.0.3.RELEASE/spring-asm-3.0.3.RELEASE.jar:/home/jpicado/.m2/repository/org/springframework/spring-context/3.0.3.RELEASE/spring-context-3.0.3.RELEASE.jar:/home/jpicado/.m2/repository/org/springframework/spring-context-support/3.0.3.RELEASE/spring-context-support-3.0.3.RELEASE.jar:/home/jpicado/.m2/repository/org/springframework/spring-expression/3.0.3.RELEASE/spring-expression-3.0.3.RELEASE.jar:/home/jpicado/.m2/repository/org/springframework/spring-web/3.0.3.RELEASE/spring-web-3.0.3.RELEASE.jar:/home/jpicado/.m2/repository/org/springframework/spring-test/3.0.3.RELEASE/spring-test-3.0.3.RELEASE.jar:/home/jpicado/.m2/repository/opensymphony/sitemesh/2.4.2/sitemesh-2.4.2.jar:/home/jpicado/.m2/repository/javax/servlet/servlet-api/2.5/servlet-api-2.5.jar:/home/jpicado/.m2/repository/javax/servlet/jstl/1.2/jstl-1.2.jar:/home/jpicado/.m2/repository/junit/junit/4.8.1/junit-4.8.1.jar:/home/jpicado/.m2/repository/org/mockito/mockito-all/1.8.4/mockito-all-1.8.4.jar:/home/jpicado/.m2/repository/org/hibernate/hibernate-core/3.5.1-Final/hibernate-core-3.5.1-Final.jar:/home/jpicado/.m2/repository/antlr/antlr/2.7.6/antlr-2.7.6.jar:/home/jpicado/.m2/repository/commons-collections/commons-collections/3.1/commons-collections-3.1.jar:/home/jpicado/.m2/repository/dom4j/dom4j/1.6.1/dom4j-1.6.1.jar:/home/jpicado/.m2/repository/xml-apis/xml-apis/1.0.b2/xml-apis-1.0.b2.jar:/home/jpicado/.m2/repository/javax/transaction/jta/1.1/jta-1.1.jar:/home/jpicado/.m2/repository/org/slf4j/slf4j-api/1.5.8/slf4j-api-1.5.8.jar:/home/jpicado/.m2/repository/org/hibernate/hibernate-entitymanager/3.5.1-Final/hibernate-entitymanager-3.5.1-Final.jar:/home/jpicado/.m2/repository/org/hibernate/hibernate-annotations/3.5.1-Final/hibernate-annotations-3.5.1-Final.jar:/home/jpicado/.m2/repository/org/hibernate/hibernate-commons-annotations/3.2.0.Final/hibernate-commons-annotations-3.2.0.Final.jar:/home/jpicado/.m2/repository/cglib/cglib/2.2/cglib-2.2.jar:/home/jpicado/.m2/repository/asm/asm/3.1/asm-3.1.jar:/home/jpicado/.m2/repository/javassist/javassist/3.9.0.GA/javassist-3.9.0.GA.jar:/home/jpicado/.m2/repository/org/hibernate/javax/persistence/hibernate-jpa-2.0-api/1.0.0.Final/hibernate-jpa-2.0-api-1.0.0.Final.jar:/home/jpicado/.m2/repository/hsqldb/hsqldb/1.8.0.7/hsqldb-1.8.0.7.jar:/home/jpicado/.m2/repository/commons-dbcp/commons-dbcp/1.4/commons-dbcp-1.4.jar:/home/jpicado/.m2/repository/commons-pool/commons-pool/1.5.4/commons-pool-1.5.4.jar:/home/jpicado/.m2/repository/org/slf4j/slf4j-log4j12/1.4.2/slf4j-log4j12-1.4.2.jar:/home/jpicado/.m2/repository/log4j/log4j/1.2.14/log4j-1.2.14.jar:"/>
    <property name="java.vm.specification.version" value="1.0"/>
    <property name="sun.arch.data.model" value="64"/>
    <property name="java.home" value="/home/jpicado/bin/jdk1.6.0_26/jre"/>
    <property name="sun.java.command" value="/home/jpicado/workspace/jotadeveloper-spring-3/target/surefire/surefirebooter5633548102154876244.jar /home/jpicado/workspace/jotadeveloper-spring-3/target/surefire/surefire690786349164909115tmp /home/jpicado/workspace/jotadeveloper-spring-3/target/surefire/surefire3524724077831629597tmp"/>
    <property name="java.specification.vendor" value="Sun Microsystems Inc."/>
    <property name="user.language" value="es"/>
    <property name="java.vm.info" value="mixed mode"/>
    <property name="java.version" value="1.6.0_26"/>
    <property name="java.ext.dirs" value="/home/jpicado/bin/jdk1.6.0_26/jre/lib/ext:/usr/java/packages/lib/ext"/>
    <property name="sun.boot.class.path" value="/home/jpicado/bin/jdk1.6.0_26/jre/lib/resources.jar:/home/jpicado/bin/jdk1.6.0_26/jre/lib/rt.jar:/home/jpicado/bin/jdk1.6.0_26/jre/lib/sunrsasign.jar:/home/jpicado/bin/jdk1.6.0_26/jre/lib/jsse.jar:/home/jpicado/bin/jdk1.6.0_26/jre/lib/jce.jar:/home/jpicado/bin/jdk1.6.0_26/jre/lib/charsets.jar:/home/jpicado/bin/jdk1.6.0_26/jre/lib/modules/jdk.boot.jar:/home/jpicado/bin/jdk1.6.0_26/jre/classes"/>
    <property name="java.vendor" value="Sun Microsystems Inc."/>
    <property name="localRepository" value="/home/jpicado/.m2/repository"/>
    <property name="file.separator" value="/"/>
    <property name="java.vendor.url.bug" value="http://java.sun.com/cgi-bin/bugreport.cgi"/>
    <property name="sun.cpu.endian" value="little"/>
    <property name="sun.io.unicode.encoding" value="UnicodeLittle"/>
    <property name="sun.desktop" value="gnome"/>
    <property name="sun.cpu.isalist" value=""/>
  </properties>
  <testcase time="2.71" classname="com.jotadeveloper.spring.server.dao.impl.SimpleIntegrationTest" name="testPersistTestEntity"/>
</testsuite>